# JRE version: OpenJDK Runtime Environment Temurin-25.0.1+8 (25.0.1+8) (build 25.0.1+8-LTS)
# Java VM: OpenJDK 64-Bit Server VM Temurin-25.0.1+8 (25.0.1+8-LTS, mixed mode, sharing, tiered, compressed oops, compressed class ptrs, g1 gc, windows-amd64)
GC Precious Log:
 CardTable entry size: 512
 Card Set container configuration: InlinePtr #cards 4 size 8 Array Of Cards #cards 64 size 144 Howl #buckets 8 coarsen threshold 14745 Howl Bitmap #cards 2048 size 272 coarsen threshold 1843 Card regions per heap region 1 cards per card region 16384
 CPUs: 32 total, 32 available
 Memory: 65446M
 Large Page Support: Disabled
 NUMA Support: Disabled
 Compressed Oops: Enabled (Zero based)
 Heap Region Size: 8M
 Heap Min Capacity: 1G
 Heap Initial Capacity: 1G
 Heap Max Capacity: 16368M
 Pre-touch: Disabled
 Parallel Workers: 23
 Concurrent Workers: 6
 Concurrent Refinement Workers: 23
 Periodic GC: Disabled
Heap:
 garbage-first heap   total reserved 16760832K, committed 1228800K, used 979540K [0x0000000401000000, 0x0000000800000000)
  region size 8192K, 75 young (614400K), 10 survivors (81920K)
GC Heap Usage History (20 events):
Event: 9156.505 {heap After GC invocations=1390 (full 0):
 garbage-first heap   total reserved 16760832K, committed 2244608K, used 743226K [0x0000000401000000, 0x0000000800000000)
  region size 8192K, 16 young (131072K), 16 survivors (131072K)
}
Event: 9164.781 {heap Before GC invocations=1390 (full 0):
 garbage-first heap   total reserved 16760832K, committed 2244608K, used 1857338K [0x0000000401000000, 0x0000000800000000)
  region size 8192K, 153 young (1253376K), 16 survivors (131072K)
}
Event: 9164.820 {heap After GC invocations=1391 (full 0):
 garbage-first heap   total reserved 16760832K, committed 2244608K, used 734330K [0x0000000401000000, 0x0000000800000000)
  region size 8192K, 19 young (155648K), 19 survivors (155648K)
}
Event: 9164.987 {heap Before GC invocations=1391 (full 0):
 garbage-first heap   total reserved 16760832K, committed 2244608K, used 1873018K [0x0000000401000000, 0x0000000800000000)
  region size 8192K, 159 young (1302528K), 19 survivors (155648K)
}
Event: 9165.020 {heap After GC invocations=1392 (full 0):
 garbage-first heap   total reserved 16760832K, committed 2244608K, used 760452K [0x0000000401000000, 0x0000000800000000)
  region size 8192K, 14 young (114688K), 14 survivors (114688K)
}
Event: 9165.210 {heap Before GC invocations=1393 (full 0):
 garbage-first heap   total reserved 16760832K, committed 2244608K, used 1849988K [0x0000000401000000, 0x0000000800000000)
  region size 8192K, 154 young (1261568K), 14 survivors (114688K)
}
Event: 9165.233 {heap After GC invocations=1394 (full 0):
 garbage-first heap   total reserved 16760832K, committed 2244608K, used 728863K [0x0000000401000000, 0x0000000800000000)
  region size 8192K, 12 young (98304K), 12 survivors (98304K)
}
Event: 9167.267 {heap Before GC invocations=1394 (full 0):
 garbage-first heap   total reserved 16760832K, committed 2244608K, used 1908511K [0x0000000401000000, 0x0000000800000000)
  region size 8192K, 157 young (1286144K), 12 survivors (98304K)
}
Event: 9167.294 {heap After GC invocations=1395 (full 0):
 garbage-first heap   total reserved 16760832K, committed 2244608K, used 562027K [0x0000000401000000, 0x0000000800000000)
  region size 8192K, 15 young (122880K), 15 survivors (122880K)
}
Event: 9167.460 {heap Before GC invocations=1395 (full 0):
 garbage-first heap   total reserved 16760832K, committed 2244608K, used 1774443K [0x0000000401000000, 0x0000000800000000)
  region size 8192K, 164 young (1343488K), 15 survivors (122880K)
}
Event: 9167.476 {heap After GC invocations=1396 (full 0):
 garbage-first heap   total reserved 16760832K, committed 2244608K, used 529537K [0x0000000401000000, 0x0000000800000000)
  region size 8192K, 8 young (65536K), 8 survivors (65536K)
}
Event: 9167.596 {heap Before GC invocations=1397 (full 0):
 garbage-first heap   total reserved 16760832K, committed 1228800K, used 1029249K [0x0000000401000000, 0x0000000800000000)
  region size 8192K, 90 young (737280K), 8 survivors (65536K)
}
Event: 9167.604 {heap After GC invocations=1398 (full 0):
 garbage-first heap   total reserved 16760832K, committed 1228800K, used 349627K [0x0000000401000000, 0x0000000800000000)
  region size 8192K, 6 young (49152K), 6 survivors (49152K)
}
Event: 9167.709 {heap Before GC invocations=1398 (full 0):
 garbage-first heap   total reserved 16760832K, committed 1228800K, used 1004987K [0x0000000401000000, 0x0000000800000000)
  region size 8192K, 87 young (712704K), 6 survivors (49152K)
}
Event: 9167.729 {heap After GC invocations=1399 (full 0):
 garbage-first heap   total reserved 16760832K, committed 1228800K, used 332934K [0x0000000401000000, 0x0000000800000000)
  region size 8192K, 11 young (90112K), 11 survivors (90112K)
}
Event: 9168.458 {heap Before GC invocations=1399 (full 0):
 garbage-first heap   total reserved 16760832K, committed 1228800K, used 971910K [0x0000000401000000, 0x0000000800000000)
  region size 8192K, 90 young (737280K), 11 survivors (90112K)
}
Event: 9168.488 {heap After GC invocations=1400 (full 0):
 garbage-first heap   total reserved 16760832K, committed 1228800K, used 379448K [0x0000000401000000, 0x0000000800000000)
  region size 8192K, 12 young (98304K), 12 survivors (98304K)
}
Event: 9168.598 {heap Before GC invocations=1401 (full 0):
 garbage-first heap   total reserved 16760832K, committed 1228800K, used 977464K [0x0000000401000000, 0x0000000800000000)
  region size 8192K, 86 young (704512K), 12 survivors (98304K)
}
Event: 9168.634 {heap After GC invocations=1402 (full 0):
 garbage-first heap   total reserved 16760832K, committed 1228800K, used 447060K [0x0000000401000000, 0x0000000800000000)
  region size 8192K, 11 young (90112K), 11 survivors (90112K)
}
Event: 9168.720 {heap Before GC invocations=1402 (full 0):
 garbage-first heap   total reserved 16760832K, committed 1228800K, used 971348K [0x0000000401000000, 0x0000000800000000)
  region size 8192K, 76 young (622592K), 11 survivors (90112K)
}

